1.141425953190493203e+01 -7.169040750062650735e-01 1.868471994698860605e+00
2.791702113596699508e+00 8.571016674476281239e+00 -1.539510804228624519e+00
1.625654698304939805e+00 -8.848810240686136197e+00 -1.722730719694057555e+00
5.587127286887951350e+00 -7.188166872663622975e+00 7.538128183454242404e-01
6.155315207014335321e+00 -6.776572684359475574e+00 3.459401082608576150e+00
6.650749537055069105e+00 -6.010676469459922622e+00 5.621294922033195363e+00
6.726008027848953574e+00 -5.018397570855107404e+00 7.312974128347885738e+00
6.084800898697741545e+00 -3.788227375783903561e+00 8.773379950966987195e+00
5.131983705457141554e+00 -2.624454300066685342e+00 9.862869013926436779e+00
3.848340346595666261e+00 -1.544660574365055439e+00 1.068467577659817636e+01
2.344220530164296434e+00 -3.474511948408482986e-01 1.113520649073606705e+01
2.788429420529131009e-01 8.287140836707703739e-01 1.127242368911121773e+01
7.426737485807152872e+00 -6.140141808546454527e+00 2.281813247718691429e+00
7.960803720867119182e+00 -5.325261369228950770e+00 4.471642110531947267e+00
8.050128574128942560e+00 -4.269478597913120232e+00 6.512969163559731101e+00
7.577918004960999099e+00 -2.972687013352331320e+00 8.020078802600568935e+00
6.632376490435422767e+00 -1.736379891775793105e+00 9.332567717767361160e+00
5.431160870229912341e+00 -5.715807339143738064e-01 1.016855382558798837e+01
4.024446538359621961e+00 5.458366578840101457e-01 1.071727958854022944e+01
1.892661770933661058e+00 1.776180907779254081e+00 1.090959289802565202e+01
9.038770070057713824e+00 -4.367506618416096664e+00 3.383225013307264106e+00
9.176395605864485105e+00 -3.275128310585416092e+00 5.188720058313357697e+00
8.774002427643170066e+00 -1.977961512482328876e+00 6.845842001585703329e+00
8.021925882287794352e+00 -6.998963295228461945e-01 8.307631448508860927e+00
6.812366643617056461e+00 4.213373803452172828e-01 9.362841117358023268e+00
5.435846866549761458e+00 1.481885667949499830e+00 9.941302335858329897e+00
3.447708440277827524e+00 2.649777729849744023e+00 1.026552315965195739e+01
9.983534037610752421e+00 -2.016593047983793241e+00 3.628634435898149047e+00
9.676974338086905547e+00 -8.036929980833150688e-01 5.152583044358646447e+00
9.000930509626854814e+00 4.572738860573798969e-01 6.907052042691176119e+00
7.912661614455295478e+00 1.560854809767736384e+00 8.107346942558750769e+00
6.530457131538305759e+00 2.548997815330777517e+00 8.874585679403768523e+00
4.861393451796852005e+00 3.514728861826628581e+00 9.271994013974998339e+00
1.044322216654468960e+01 -6.659578080776907827e-01 1.756697028482684164e+00
1.015925593780431413e+01 4.845421798278379266e-01 3.664040017716779563e+00
9.652218208704649527e+00 1.756384861585517321e+00 5.278923826590681934e+00
8.614989844870958535e+00 2.732453636775535877e+00 6.622340382862038410e+00
7.344048891361373954e+00 3.692216739721225327e+00 7.422364732235073426e+00
6.009398611740748741e+00 4.195709040485319008e+00 8.105292326240734369e+00
9.640599255781339139e+00 3.006776411462289911e+00 3.554523651032017284e+00
8.656593129038139267e+00 3.996643019504109606e+00 4.598078927900497881e+00
7.447042409511460903e+00 4.776701986523285370e+00 5.804517538843930069e+00
6.076772504169291267e+00 5.350416497793560211e+00 6.739542360859779535e+00
4.632577860093395117e+00 5.240861691295894076e+00 8.043713354731330867e+00
3.183098819193534545e+00 4.640190119319888673e+00 9.140430690231898581e+00
1.753640217560017422e+00 3.992090471290500542e+00 9.995805893630176797e+00
1.313345041253100309e-01 3.085082325810432291e+00 1.062542392014059445e+01
-1.589305625687695844e+00 1.630887697373230472e+00 1.111788615026839544e+01
8.270089334666856473e+00 5.016039399628238193e+00 2.497854475868947155e+00
7.121521168986469696e+00 5.724898063865849096e+00 3.676141260405198619e+00
5.835835980912478682e+00 6.267366509536172359e+00 4.847731507779480253e+00
4.422387583197640026e+00 6.358435752892944492e+00 6.200953754614680236e+00
3.023719140870250843e+00 6.171719399658107008e+00 7.602542043018100770e+00
1.546422675330228147e+00 5.530119411578994004e+00 8.814099334494304827e+00
-2.369870011308500973e-02 4.771426519161117596e+00 9.675723034795316480e+00
-1.901134159663159906e+00 3.362058322182643000e+00 1.046130018326964617e+01
6.636145131813710130e+00 6.364364123144946817e+00 1.077152114096179725e+00
5.383479308818087894e+00 6.791592142311294822e+00 2.794706219658432467e+00
4.040081641686660952e+00 7.216152674516355781e+00 4.268198742095540510e+00
2.679406518124590519e+00 7.222558904943561231e+00 5.770230031754747912e+00
1.289252024787476136e+00 6.860923916213979012e+00 7.227265262293628645e+00
-2.096795016920083299e-01 6.131386915355086842e+00 8.443535063783190964e+00
-2.042996562743367495e+00 4.987045304459924111e+00 9.480819183918530513e+00
4.649909771958646409e+00 7.247113580390156073e+00 4.425477697619906725e-01
3.195237649936894631e+00 7.545904793807293842e+00 2.095731914685831754e+00
1.944246915495124961e+00 7.855455136075301326e+00 3.730286259968740747e+00
8.117182089832816194e-01 7.744862309946391576e+00 5.416369649371508110e+00
-4.978817859175712068e-01 7.299198947438618745e+00 6.943665543140060237e+00
-2.039418413466191460e+00 6.457065379813782258e+00 8.025103519500547122e+00
3.625367730977377079e+00 7.604982882726549320e+00 -1.566541030614958974e+00
2.619365825162297323e+00 7.856264501612423956e+00 1.178014216209950227e-01
1.007551542621555773e+00 8.038565504667616324e+00 1.629420422630185161e+00
6.762262241615987421e-03 8.173778651180455768e+00 3.337908870011335072e+00
-1.036408568605009739e+00 7.965590502352775992e+00 5.131975803278348458e+00
-2.041129473440945752e+00 7.426410928762680719e+00 6.504670551189692063e+00
2.874190282184585499e+00 7.482691900539514940e+00 -3.432973167353735811e+00
-1.244309370459809827e+00 8.138591569373012646e+00 1.525315283155102453e+00
-2.214737416230690759e+00 7.995336010040318797e+00 3.525357674887998893e+00
-3.103549590133534597e+00 7.610421860101761915e+00 5.240027726734000524e+00
-3.675575820235060576e+00 6.722154357250837542e+00 6.963345957487416804e+00
-3.836067875561477880e+00 5.484393209078736398e+00 8.440379276042881074e+00
-3.960579966554487186e+00 3.942450349506805285e+00 9.643557001683488394e+00
-3.662175869582214194e+00 2.177308523570737897e+00 1.051928471640406926e+01
-2.891653048252030622e+00 2.847727208335792612e-02 1.111078834936614257e+01
1.517832241356904088e+00 7.165116958595382890e+00 -5.037835939403691121e+00
-2.664818448106148541e+00 7.838248908827259775e+00 1.384936152747991978e-01
-3.307250281838549633e+00 7.745788827120918540e+00 1.756443859639867711e+00
-4.247360094899928384e+00 7.346602445904792056e+00 3.809470377222424986e+00
-4.959368724579650056e+00 6.640861104529368397e+00 5.584960044311160665e+00
-5.327351547127015863e+00 5.518070193406332535e+00 7.262126146450949449e+00
-5.341297448039182605e+00 4.034303536259644218e+00 8.727878304649596686e+00
-5.282542261095137803e+00 2.374874960699416615e+00 9.703015862226735067e+00
-4.563135552138753326e+00 1.602476704719866252e-01 1.047833048829694569e+01
-5.235123089306440575e-02 6.764622692731506959e+00 -6.316105525793524578e+00
-1.488955079067495024e+00 7.331448751341052450e+00 -4.762463790273056219e+00
-2.807655481924598018e+00 7.356579510305615521e+00 -2.989798824404342081e+00
-3.393957819993163927e+00 7.204975141149060569e+00 -1.243318808874661618e+00
-4.346690810746261846e+00 7.309948637033919283e+00 2.539857079351853231e-01
-5.246500477491485626e+00 6.969247364135274125e+00 2.118267326161419106e+00
-6.085913899919855652e+00 6.247468532822687770e+00 4.000913198540464677e+00
-6.538439384948404154e+00 5.304352199813059165e+00 5.780472656744262139e+00
-6.650660488508665757e+00 4.011122814782195789e+00 7.317185559732681810e+00
-6.472663574986779800e+00 2.324397456328423317e+00 8.602035802094631478e+00
-7.301765496202039074e+00 4.692893124156292672e-01 8.149671454520577285e+00
-2.347929866505663821e+00 6.425914448402527235e+00 -6.090241065154368805e+00
-3.283427485521897449e+00 6.528165971408592227e+00 -4.648474013465423660e+00
-4.532199393463477222e+00 6.521333556868590620e+00 -2.879271915781921987e+00
-5.120156944536605970e+00 6.625730794328180906e+00 -1.338717297002800066e+00
-6.081746147052847107e+00 6.368299822416105371e+00 4.600489883762469145e-01
-7.009642664339843066e+00 5.685927586760365138e+00 2.277961805844151311e+00
-7.590133151124674349e+00 4.684294194189853933e+00 4.064663698673901315e+00
-7.742299447660932366e+00 3.673509922605993072e+00 5.764495604506967297e+00
-7.632942680346646469e+00 2.306196067252616722e+00 7.170827014276953904e+00
-4.227094514606122289e+00 5.473424671664430363e+00 -6.060120960555832603e+00
-4.921217842681639532e+00 5.435957187633515098e+00 -4.520537505392830724e+00
-6.142094705140382693e+00 5.587659591557395444e+00 -2.848106777329138861e+00
-6.835216497238641331e+00 5.389064520396406266e+00 -1.299530488841203590e+00
-7.660645327279839378e+00 4.743986095325404051e+00 5.442679149140633443e-01
-8.407699275851340914e+00 3.858911882774326951e+00 2.323170152014031320e+00
-8.647173033788064345e+00 2.604306676673205256e+00 4.134067287956987080e+00
-8.432105417685376025e+00 1.777999649235964874e+00 5.619164327019563920e+00
-8.127249343185834363e+00 6.159845525185304593e-01 6.788957449974763136e+00
-5.556487460815612067e+00 4.469377215276921333e+00 -6.091858175121713792e+00
-6.223850064267374194e+00 4.322181697854184712e+00 -4.634499446972929704e+00
-7.385297473068445306e+00 4.176283182763650181e+00 -3.092924206121915098e+00
-7.990518457800130037e+00 3.667105162922551287e+00 -1.237933290043621515e+00
-8.734541679012398419e+00 2.773997314755079824e+00 6.280687459266381945e-01
-9.053875164198856851e+00 1.798589752950901399e+00 2.395886101237521437e+00
-8.968859453593285735e+00 7.487278963169158308e-01 4.025882486202855937e+00
-8.596029230837622492e+00 -4.197629092456885425e-01 5.596910383159653612e+00
-7.879649970291771943e+00 -1.174626063050089320e+00 7.091015429663322323e+00
-6.727121713391777114e+00 -1.476279404040836907e+00 8.553668999922317440e+00
-5.631318680361412810e+00 -1.861053514167534839e+00 9.632973979913282747e+00
-3.954232776503475044e+00 -1.975251796579803099e+00 1.049134587069216096e+01
-1.797250263466526610e+00 -1.711719219871735032e+00 1.106899189557253038e+01
-6.644212282852244300e+00 3.504347655257426641e+00 -6.104227524915261327e+00
-7.084716376495536316e+00 3.043687423647673196e+00 -4.631610123071335572e+00
-7.945842105011699630e+00 2.528092837308571372e+00 -2.939923737346464172e+00
-8.696181853540995377e+00 1.649684758117578420e+00 -1.203836582744619133e+00
-9.168933873226459141e+00 7.734310556449237595e-01 5.846348228751715448e-01
-9.176533968866715796e+00 -2.748480921277791089e-01 2.328087213951473444e+00
-8.893522559341757727e+00 -1.154745498842570273e+00 4.066893253618660609e+00
-8.085631195294107343e+00 -2.462454171374729217e+00 5.682106020930427270e+00
-7.172100560645507272e+00 -3.102675271102238952e+00 7.204336975791330033e+00
-5.869375594123267703e+00 -3.427251441555728917e+00 8.613995411626364174e+00
-4.505142873062465192e+00 -3.648966961389159991e+00 9.580467117253835596e+00
-2.335641528463005656e+00 -3.387765024285056548e+00 1.040670678301663088e+01
-7.215363950747033961e+00 2.217524426750206779e+00 -6.040650298566273335e+00
-7.572198430814609083e+00 1.366089017252755555e+00 -4.671714435855705005e+00
-8.430522332158011167e+00 6.854226918532200230e-01 -3.052640983115991968e+00
-8.853139325779764590e+00 -2.769437586839958998e-01 -1.249998864341539173e+00
-9.070530688743255965e+00 -1.199961870055725077e+00 5.445375412169658480e-01
-8.793679203583749882e+00 -2.455621687223104477e+00 2.214255510203398281e+00
-8.136934624697946816e+00 -3.441333025370081344e+00 3.943001507444718889e+00
-7.197888745131401755e+00 -4.318644565938274837e+00 5.621148622330112588e+00
-6.075041980970713240e+00 -4.822471822670037156e+00 7.154511125912136116e+00
-4.645826855691517210e+00 -5.114463285110623758e+00 8.353146480932629458e+00
-2.737096393844151265e+00 -4.937279267839151942e+00 9.364296200348277921e+00
-7.795136992625424810e+00 -2.649444215863374086e-01 -4.756199194903254934e+00
-8.295919916081064827e+00 -1.180509172528703132e+00 -3.027603564637318279e+00
-8.494295421591628426e+00 -2.295006896963303955e+00 -1.292286591356570202e+00
-8.387437267356586901e+00 -3.337038472694445534e+00 5.346707750206123322e-01
-7.800397513207933287e+00 -4.567618590229841402e+00 2.233912851457940718e+00
-6.902717910340485652e+00 -5.331651422385130346e+00 3.878371658512476117e+00
-5.884191009350147716e+00 -5.927986223516093389e+00 5.481802825464569651e+00
-4.582781976927683409e+00 -6.276842144465875073e+00 6.810152650399087015e+00
-2.978544609212383953e+00 -6.366001844426313561e+00 7.939163852238988461e+00
-7.341131088064862809e+00 -1.018922897223809132e+00 -6.071239584028429448e+00
-7.441738893354630235e+00 -1.931084178751387936e+00 -4.709574578668459743e+00
-7.731438059539605945e+00 -2.964932711183169811e+00 -3.049855165809569613e+00
-7.567172646434894290e+00 -4.213368674890254795e+00 -1.403770270671825582e+00
-6.900732904997880723e+00 -5.333013554378161380e+00 2.927930123122136075e-01
-6.182560201320254301e+00 -6.090502334214248137e+00 1.929480934776112599e+00
-5.278797238114692369e+00 -6.659850054896102378e+00 3.613945520446483428e+00
-4.136870158773797712e+00 -7.117759411020408322e+00 5.074798183892232473e+00
-3.010747075825737973e+00 -7.214121871298266875e+00 6.364087479616956422e+00
-6.787101342664618286e+00 -2.462238513692919017e+00 -6.147571717559237925e+00
-6.592180860017122335e+00 -3.447593926370164041e+00 -4.677700085907132710e+00
-6.769155663223521024e+00 -4.552509866921658599e+00 -2.973877683952531825e+00
-5.920041429327897120e+00 -5.797229754147083192e+00 -1.427043364491579425e+00
-5.267051377924618194e+00 -6.535196115351431523e+00 1.143803767546431871e-01
-4.394129469155890533e+00 -7.117055144112871545e+00 1.636970027744535816e+00
-3.354764031010651237e+00 -7.573987179414321425e+00 3.337910325301395087e+00
-2.115107203280860659e+00 -7.800259213727311902e+00 4.940587461182543549e+00
-1.482803425001807396e+00 -7.332974115289593087e+00 6.834683104230548700e+00
-1.049725807754789964e+00 -6.347589860394116101e+00 8.355843127810876680e+00
-6.358633262207429304e-01 -5.053780746147729985e+00 9.577593679971256435e+00
-1.920445414701227038e-01 -3.359283164130137056e+00 1.055524225662533411e+01
2.468784037933877129e-01 -1.206786350109278150e+00 1.119812553913315867e+01
-5.910462324327644623e+00 -3.815622823967390609e+00 -6.209364066558132222e+00
-5.641042921005600341e+00 -4.770124350089949949e+00 -4.615947949203812684e+00
-5.374764046373915249e+00 -5.873303678834425057e+00 -3.056596972340350771e+00
-4.334864628067052195e+00 -6.876842158383450254e+00 -1.637587847406993591e+00
-3.765347654691320489e+00 -7.322637435628950087e+00 -1.473994896207983241e-01
-2.344109101852797750e+00 -7.825546034927493011e+00 1.316663466465560761e+00
-1.115600962777347771e+00 -8.137473769548401847e+00 3.153808875333929507e+00
-2.699239539003042143e-01 -7.963961691340570859e+00 5.221596754121345718e+00
3.115496305312978054e-01 -7.268572002764854822e+00 7.100161490655182206e+00
7.746148995317099217e-01 -6.071137667320938291e+00 8.714709975344554493e+00
1.226686360184269686e+00 -4.517275704999265784e+00 9.850267419039845151e+00
1.688815616167703704e+00 -2.349958932294743175e+00 1.081201031155518066e+01
-4.745956252426703159e+00 -4.832104657643028212e+00 -6.152744674334253538e+00
-4.086366449079296359e+00 -5.975078893299848204e+00 -4.833073408229455303e+00
-3.767777819476891388e+00 -6.992799852006947425e+00 -3.192468964627562578e+00
-6.057411127411043567e-02 -8.152120418301262106e+00 1.440124951855844548e+00
8.442058640270794223e-01 -8.255423596010375675e+00 3.555021290519191357e+00
1.600857094979347472e+00 -7.787317221753903951e+00 5.593711269785594631e+00
2.106339324430763327e+00 -6.839966466736135509e+00 7.413487676883788957e+00
2.578652925187365774e+00 -5.373970529184352252e+00 9.011376526083282101e+00
3.116238301719417070e+00 -3.549932173480353725e+00 1.015542420615066810e+01
-3.137825012730442342e+00 -6.067042820729830588e+00 -6.476474173534263024e+00
-2.292519944674215271e+00 -6.854913533872662335e+00 -4.957274538926905727e+00
1.543598527618765814e+00 -8.152889407539090527e+00 -1.653086243018177205e-03
2.092578851966112374e+00 -8.102455544939580534e+00 1.998290385056832541e+00
2.835799416897926584e+00 -7.869988480216223437e+00 4.035360616066121509e+00
3.451758513240673842e+00 -7.212647907075662168e+00 6.018700757925317113e+00
3.865952460994609652e+00 -6.109372938330632330e+00 7.788905253117930805e+00
4.308212482303601654e+00 -4.544298509218469562e+00 9.141415088545855383e+00
-8.567950457668138675e-01 -6.684877029574771257e+00 -6.625183336227589592e+00
5.322435821806829059e-01 -7.256899507400554228e+00 -5.266624759012248802e+00
1.873279079108037370e+00 -7.775677602366554808e+00 -3.651602350301428324e+00
2.523818227742242293e+00 -8.020168265831998156e+00 -1.699305260017867525e+00
3.551875526004625083e+00 -7.806300820371681048e+00 2.449981627087520208e-01
4.300701078112091125e+00 -7.552457831320445791e+00 2.525610282588121702e+00
4.747178618914997372e+00 -7.232053886903075046e+00 4.610326780422027149e+00
5.224363970133734547e+00 -6.443944273151394952e+00 6.479946455193307031e+00
5.319009399713257480e+00 -5.343990304815547709e+00 7.924336937129169200e+00
4.145629733886836199e+00 -7.859550880981847065e+00 -1.675930920068056995e+00
5.821240686152872712e+00 -7.259797424074082350e+00 -1.643489647077790661e+00
3.840507967367426723e+00 -7.583776689473164190e+00 -3.736072238043716798e+00
2.765388865521173134e+00 -7.259536452235718862e+00 -5.523723743015542809e+00
1.384111368283987176e+00 -6.833444811192775248e+00 -6.870653842224107244e+00
7.101814259443139044e+00 -6.666113974797942099e+00 -2.613435295843747230e+00
5.623605588165704106e+00 -7.136046333461577795e+00 -4.106406698193258542e+00
4.799237884296278622e+00 -7.051083111547917781e+00 -5.758326461891061676e+00
3.491103010040222721e+00 -6.713360870796996949e+00 -7.217567075904678831e+00
8.249923990750941627e+00 -5.728758831229963988e+00 -3.101057140519315691e+00
7.147462150254887625e+00 -6.393308946382155966e+00 -4.530519339320385086e+00
6.383933444876116248e+00 -6.480264086842264959e+00 -6.016210470741735428e+00
5.400982456348588201e+00 -6.233356544869568694e+00 -7.450891858202794538e+00
9.020752281996866628e+00 -4.406195586811171516e+00 -3.656543879731116942e+00
8.067732633590978253e+00 -5.266390182713550416e+00 -5.213408891468334083e+00
7.143862108027606794e+00 -5.621933310008854434e+00 -6.746443353748927230e+00
9.394699712573025607e+00 3.337899334136226415e+00 -3.434181585746150844e+00
8.540663720796445091e+00 4.462983776674850134e+00 -5.151169752512586797e+00
7.860992094352373449e+00 4.888811644040068849e+00 -6.695114786615009805e+00
8.820368336071906512e+00 4.756758256975800236e+00 -3.016754467150814634e+00
7.851347074311403773e+00 5.679567476497463296e+00 -4.467151732026149347e+00
7.072813471240269934e+00 5.809651304776723535e+00 -6.032738733351692417e+00
5.921105763650413856e+00 5.739894395044608189e+00 -7.708114066007201615e+00
7.822470453506781496e+00 5.848532178710665441e+00 -2.475354643244322972e+00
6.523612605193701341e+00 6.587264454960092941e+00 -3.973571749652399898e+00
5.667168358358749991e+00 6.630052095159256531e+00 -5.795695315212104681e+00
4.308575087188295072e+00 6.550781003772394584e+00 -7.343933865263313265e+00
6.855520323738526045e+00 6.572855903721136706e+00 -1.461664243545737429e+00
5.192542917640784239e+00 7.268607924181511137e+00 -1.537505430758951519e+00
4.889360142657761976e+00 7.134310873869694980e+00 -3.603507312199820678e+00
3.807704020977038084e+00 7.053610748661897745e+00 -5.516301261105356346e+00
2.221889893784445125e+00 6.695554617222157390e+00 -6.785420493691739274e+00
-1.194178993711765058e+00 -1.201937366885581226e-01 1.136951433278210111e+01
